{"level":"info","message":"POST: /subjects, : {\"sbj_num\":[]}","timestamp":"2022-02-22 02:08:17"}
{"level":"info","message":"POST: /subjects, : {\"sbj_num\":[]}","timestamp":"2022-02-22 02:19:04"}
{"level":"info","message":"GET: /subjects, QUERY: {\"departmentId\":\"126916\",\"type\":\"\"}","timestamp":"2022-02-22 02:19:07"}
{"level":"info","message":"GET: /subjects, QUERY: {\"departmentId\":\"127428\",\"type\":\"\"}","timestamp":"2022-02-22 02:19:14"}
{"level":"info","message":"POST: /subjects, : {\"sbj_num\":[\"0057\",\"0058\"]}","timestamp":"2022-02-22 02:19:19"}
{"level":"info","message":"POST: /subjects, : {\"sbj_num\":[\"0057\",\"0058\"]}","timestamp":"2022-02-22 02:25:05"}
{"level":"info","message":"POST: /subjects, : {\"sbj_num\":[\"0057\",\"0058\"]}","timestamp":"2022-02-22 02:25:05"}
{"level":"info","message":"POST: /subjects, : {\"sbj_num\":[\"0057\",\"0058\"]}","timestamp":"2022-02-22 02:25:05"}
{"level":"info","message":"GET: /subjects, QUERY: {\"departmentId\":\"127432\",\"type\":\"\"}","timestamp":"2022-02-22 02:25:05"}
{"level":"error","message":"TypeError: Cannot read property 'map' of undefined\n    at C:\\Users\\82106\\Desktop\\konkuk-sugang-ec2\\konkuk-sugang-ec2\\services\\sugangService.js:129:63\n    at processTicksAndRejections (internal/process/task_queues.js:95:5)\n    at async findBySubjectId (C:\\Users\\82106\\Desktop\\konkuk-sugang-ec2\\konkuk-sugang-ec2\\services\\sugangService.js:106:5)\n    at async C:\\Users\\82106\\Desktop\\konkuk-sugang-ec2\\konkuk-sugang-ec2\\services\\sugangService.js:191:28\n    at async Promise.all (index 1)\n    at async C:\\Users\\82106\\Desktop\\konkuk-sugang-ec2\\konkuk-sugang-ec2\\services\\sugangService.js:190:26\n    at async Object.exports.getMySubjectList (C:\\Users\\82106\\Desktop\\konkuk-sugang-ec2\\konkuk-sugang-ec2\\services\\sugangService.js:187:9)\n    at async exports.getMySubjectList (C:\\Users\\82106\\Desktop\\konkuk-sugang-ec2\\konkuk-sugang-ec2\\controllers\\sugangController.js:141:24)","timestamp":"2022-02-22 02:25:06"}
{"level":"error","message":"TypeError: Cannot read property 'map' of undefined\n    at C:\\Users\\82106\\Desktop\\konkuk-sugang-ec2\\konkuk-sugang-ec2\\services\\sugangService.js:129:63\n    at processTicksAndRejections (internal/process/task_queues.js:95:5)\n    at async findBySubjectId (C:\\Users\\82106\\Desktop\\konkuk-sugang-ec2\\konkuk-sugang-ec2\\services\\sugangService.js:106:5)\n    at async C:\\Users\\82106\\Desktop\\konkuk-sugang-ec2\\konkuk-sugang-ec2\\services\\sugangService.js:191:28\n    at async Promise.all (index 0)\n    at async C:\\Users\\82106\\Desktop\\konkuk-sugang-ec2\\konkuk-sugang-ec2\\services\\sugangService.js:190:26\n    at async Object.exports.getMySubjectList (C:\\Users\\82106\\Desktop\\konkuk-sugang-ec2\\konkuk-sugang-ec2\\services\\sugangService.js:187:9)\n    at async exports.getMySubjectList (C:\\Users\\82106\\Desktop\\konkuk-sugang-ec2\\konkuk-sugang-ec2\\controllers\\sugangController.js:141:24)","timestamp":"2022-02-22 02:25:06"}
{"level":"error","message":"TypeError: Cannot read property 'filter' of undefined\n    at C:\\Users\\82106\\Desktop\\konkuk-sugang-ec2\\konkuk-sugang-ec2\\services\\sugangService.js:85:64\n    at processTicksAndRejections (internal/process/task_queues.js:95:5)\n    at async find (C:\\Users\\82106\\Desktop\\konkuk-sugang-ec2\\konkuk-sugang-ec2\\services\\sugangService.js:62:5)\n    at async C:\\Users\\82106\\Desktop\\konkuk-sugang-ec2\\konkuk-sugang-ec2\\services\\sugangService.js:153:26\n    at async Object.exports.getSubjects (C:\\Users\\82106\\Desktop\\konkuk-sugang-ec2\\konkuk-sugang-ec2\\services\\sugangService.js:150:9)\n    at async exports.getSubjects (C:\\Users\\82106\\Desktop\\konkuk-sugang-ec2\\konkuk-sugang-ec2\\controllers\\sugangController.js:119:24)","timestamp":"2022-02-22 02:25:06"}
{"level":"error","message":"TypeError: Cannot read property 'map' of undefined\n    at C:\\Users\\82106\\Desktop\\konkuk-sugang-ec2\\konkuk-sugang-ec2\\services\\sugangService.js:129:63\n    at processTicksAndRejections (internal/process/task_queues.js:95:5)\n    at async findBySubjectId (C:\\Users\\82106\\Desktop\\konkuk-sugang-ec2\\konkuk-sugang-ec2\\services\\sugangService.js:106:5)\n    at async C:\\Users\\82106\\Desktop\\konkuk-sugang-ec2\\konkuk-sugang-ec2\\services\\sugangService.js:191:28\n    at async Promise.all (index 1)\n    at async C:\\Users\\82106\\Desktop\\konkuk-sugang-ec2\\konkuk-sugang-ec2\\services\\sugangService.js:190:26\n    at async Object.exports.getMySubjectList (C:\\Users\\82106\\Desktop\\konkuk-sugang-ec2\\konkuk-sugang-ec2\\services\\sugangService.js:187:9)\n    at async exports.getMySubjectList (C:\\Users\\82106\\Desktop\\konkuk-sugang-ec2\\konkuk-sugang-ec2\\controllers\\sugangController.js:141:24)","timestamp":"2022-02-22 02:25:06"}
{"level":"info","message":"GET: /subjects, QUERY: {\"departmentId\":\"122062\",\"type\":\"\"}","timestamp":"2022-02-22 02:25:26"}
{"level":"info","message":"GET: /subjects, QUERY: {\"departmentId\":\"122062\",\"type\":\"\"}","timestamp":"2022-02-22 02:25:28"}
{"level":"info","message":"POST: /subjects, : {\"sbj_num\":[\"0057\",\"0058\"]}","timestamp":"2022-02-22 02:25:29"}
{"level":"info","message":"POST: /subjects, : {\"sbj_num\":[\"0057\",\"0058\"]}","timestamp":"2022-02-22 02:25:30"}
{"level":"info","message":"POST: /subjects, : {\"sbj_num\":[\"0057\",\"0058\"]}","timestamp":"2022-02-22 02:25:31"}
{"level":"info","message":"POST: /subjects, : {\"sbj_num\":[\"0057\",\"0058\"]}","timestamp":"2022-02-22 02:25:32"}
{"level":"info","message":"POST: /subjects, : {\"sbj_num\":[\"0057\",\"0058\"]}","timestamp":"2022-02-22 02:25:33"}
{"level":"info","message":"POST: /subjects, : {\"sbj_num\":[\"0057\",\"0058\"]}","timestamp":"2022-02-22 02:25:34"}
{"level":"info","message":"POST: /subjects, : {\"sbj_num\":[\"0057\",\"0058\"]}","timestamp":"2022-02-22 02:25:35"}
{"level":"info","message":"POST: /subjects, : {\"sbj_num\":[\"0057\",\"0058\"]}","timestamp":"2022-02-22 02:25:35"}
{"level":"info","message":"GET: /subjects, QUERY: {\"departmentId\":\"127428\",\"type\":\"\"}","timestamp":"2022-02-22 02:25:44"}
{"level":"info","message":"POST: /subjects, : {\"sbj_num\":[\"0057\",\"0058\"]}","timestamp":"2022-02-22 02:25:49"}
{"level":"info","message":"POST: /subjects, : {\"sbj_num\":[\"0057\",\"0058\",\"3181\",\"3184\",\"3185\",\"3195\",\"3221\",\"3226\"]}","timestamp":"2022-02-22 02:27:05"}
{"level":"info","message":"POST: /subjects, : {\"sbj_num\":[\"3181\",\"3184\",\"3185\",\"3195\",\"3221\",\"3226\"]}","timestamp":"2022-02-22 02:27:10"}
{"level":"info","message":"POST: /subjects, : {\"sbj_num\":[\"3181\",\"3184\",\"3185\",\"3195\",\"3221\",\"3226\"]}","timestamp":"2022-02-22 02:27:11"}
{"level":"info","message":"POST: /subjects, : {\"sbj_num\":[\"3181\",\"3184\",\"3185\",\"3195\",\"3221\",\"3226\"]}","timestamp":"2022-02-22 02:27:12"}
{"level":"info","message":"POST: /subjects, : {\"sbj_num\":[\"3181\",\"3184\",\"3185\",\"3195\",\"3221\",\"3226\"]}","timestamp":"2022-02-22 02:27:53"}
{"level":"info","message":"POST: /subjects, : {\"sbj_num\":[\"3181\",\"3184\",\"3185\",\"3195\",\"3221\",\"3226\"]}","timestamp":"2022-02-22 02:27:54"}
{"level":"info","message":"POST: /subjects, : {\"sbj_num\":[\"3181\",\"3184\",\"3185\",\"3221\",\"3226\"]}","timestamp":"2022-02-22 02:28:11"}
{"level":"info","message":"POST: /subjects, : {\"sbj_num\":[\"3181\",\"3184\",\"3185\",\"3195\",\"3221\",\"3226\"]}","timestamp":"2022-02-22 02:28:20"}
{"level":"info","message":"POST: /subjects, : {\"sbj_num\":[\"3181\",\"3184\",\"3185\",\"3195\",\"3221\",\"3226\"]}","timestamp":"2022-02-22 02:28:40"}
{"level":"info","message":"GET: /subjects, QUERY: {\"departmentId\":\"127428\",\"type\":\"\"}","timestamp":"2022-02-22 02:29:03"}
{"level":"info","message":"POST: /subjects, : {\"sbj_num\":[\"3181\",\"3184\",\"3185\",\"3195\",\"3221\",\"3226\"]}","timestamp":"2022-02-22 02:29:18"}
{"level":"info","message":"POST: /subjects, : {\"sbj_num\":[\"3181\",\"3184\",\"3185\",\"3195\",\"3221\",\"3226\"]}","timestamp":"2022-02-22 02:29:20"}
{"level":"info","message":"POST: /subjects, : {\"sbj_num\":[\"3181\",\"3184\",\"3185\",\"3195\",\"3221\",\"3226\"]}","timestamp":"2022-02-22 02:29:21"}
{"level":"info","message":"POST: /subjects, : {\"sbj_num\":[\"3181\",\"3184\",\"3185\",\"3195\",\"3221\",\"3226\"]}","timestamp":"2022-02-22 02:29:21"}
{"level":"info","message":"POST: /subjects, : {\"sbj_num\":[\"3181\",\"3184\",\"3185\",\"3195\",\"3221\",\"3226\"]}","timestamp":"2022-02-22 02:29:31"}
{"level":"info","message":"POST: /subjects, : {\"sbj_num\":[\"3181\",\"3184\",\"3185\",\"3195\",\"3221\",\"3226\"]}","timestamp":"2022-02-22 02:29:31"}
{"level":"info","message":"POST: /subjects, : {\"sbj_num\":[\"3181\",\"3184\",\"3185\",\"3195\",\"3221\",\"3226\"]}","timestamp":"2022-02-22 02:29:32"}
{"level":"info","message":"POST: /subjects, : {\"sbj_num\":[\"3181\",\"3184\",\"3185\",\"3195\",\"3221\",\"3226\"]}","timestamp":"2022-02-22 02:29:32"}
{"level":"info","message":"POST: /subjects, : {\"sbj_num\":[\"3181\",\"3184\",\"3185\",\"3195\",\"3221\",\"3226\"]}","timestamp":"2022-02-22 02:29:33"}
{"level":"info","message":"POST: /subjects, : {\"sbj_num\":[\"3181\",\"3184\",\"3185\",\"3195\",\"3221\",\"3226\"]}","timestamp":"2022-02-22 02:29:33"}
{"level":"info","message":"POST: /subjects, : {\"sbj_num\":[\"3181\",\"3184\",\"3185\",\"3195\",\"3221\",\"3226\"]}","timestamp":"2022-02-22 02:29:34"}
{"level":"info","message":"POST: /subjects, : {\"sbj_num\":[\"3181\",\"3184\",\"3185\",\"3195\",\"3221\",\"3226\"]}","timestamp":"2022-02-22 02:29:34"}
{"level":"error","message":"TypeError: Cannot read property 'map' of undefined\n    at C:\\Users\\82106\\Desktop\\konkuk-sugang-ec2\\konkuk-sugang-ec2\\services\\sugangService.js:129:63\n    at runMicrotasks (<anonymous>)\n    at processTicksAndRejections (internal/process/task_queues.js:95:5)\n    at async findBySubjectId (C:\\Users\\82106\\Desktop\\konkuk-sugang-ec2\\konkuk-sugang-ec2\\services\\sugangService.js:106:5)\n    at async C:\\Users\\82106\\Desktop\\konkuk-sugang-ec2\\konkuk-sugang-ec2\\services\\sugangService.js:191:28\n    at async Promise.all (index 2)\n    at async C:\\Users\\82106\\Desktop\\konkuk-sugang-ec2\\konkuk-sugang-ec2\\services\\sugangService.js:190:26\n    at async Object.exports.getMySubjectList (C:\\Users\\82106\\Desktop\\konkuk-sugang-ec2\\konkuk-sugang-ec2\\services\\sugangService.js:187:9)\n    at async exports.getMySubjectList (C:\\Users\\82106\\Desktop\\konkuk-sugang-ec2\\konkuk-sugang-ec2\\controllers\\sugangController.js:141:24)","timestamp":"2022-02-22 02:29:34"}
{"level":"info","message":"POST: /subjects, : {\"sbj_num\":[\"3181\",\"3184\",\"3185\",\"3195\",\"3221\",\"3226\"]}","timestamp":"2022-02-22 02:29:35"}
{"level":"info","message":"POST: /subjects, : {\"sbj_num\":[\"3181\",\"3184\",\"3185\",\"3195\",\"3221\",\"3226\"]}","timestamp":"2022-02-22 02:29:35"}
{"level":"error","message":"TypeError: Cannot read property 'map' of undefined\n    at C:\\Users\\82106\\Desktop\\konkuk-sugang-ec2\\konkuk-sugang-ec2\\services\\sugangService.js:129:63\n    at processTicksAndRejections (internal/process/task_queues.js:95:5)\n    at async findBySubjectId (C:\\Users\\82106\\Desktop\\konkuk-sugang-ec2\\konkuk-sugang-ec2\\services\\sugangService.js:106:5)\n    at async C:\\Users\\82106\\Desktop\\konkuk-sugang-ec2\\konkuk-sugang-ec2\\services\\sugangService.js:191:28\n    at async Promise.all (index 5)\n    at async C:\\Users\\82106\\Desktop\\konkuk-sugang-ec2\\konkuk-sugang-ec2\\services\\sugangService.js:190:26\n    at async Object.exports.getMySubjectList (C:\\Users\\82106\\Desktop\\konkuk-sugang-ec2\\konkuk-sugang-ec2\\services\\sugangService.js:187:9)\n    at async exports.getMySubjectList (C:\\Users\\82106\\Desktop\\konkuk-sugang-ec2\\konkuk-sugang-ec2\\controllers\\sugangController.js:141:24)","timestamp":"2022-02-22 02:29:36"}
{"level":"info","message":"POST: /subjects, : {\"sbj_num\":[\"3181\",\"3184\",\"3185\",\"3195\",\"3221\",\"3226\"]}","timestamp":"2022-02-22 02:29:36"}
{"level":"info","message":"POST: /subjects, : {\"sbj_num\":[\"3181\",\"3184\",\"3185\",\"3195\",\"3221\",\"3226\"]}","timestamp":"2022-02-22 02:29:36"}
{"level":"info","message":"POST: /subjects, : {\"sbj_num\":[\"3181\",\"3184\",\"3185\",\"3195\",\"3221\",\"3226\"]}","timestamp":"2022-02-22 02:29:37"}
{"level":"info","message":"POST: /subjects, : {\"sbj_num\":[\"3181\",\"3184\",\"3185\",\"3195\",\"3221\",\"3226\"]}","timestamp":"2022-02-22 02:29:38"}
{"level":"error","message":"TypeError: Cannot read property 'map' of undefined\n    at C:\\Users\\82106\\Desktop\\konkuk-sugang-ec2\\konkuk-sugang-ec2\\services\\sugangService.js:129:63\n    at processTicksAndRejections (internal/process/task_queues.js:95:5)\n    at async findBySubjectId (C:\\Users\\82106\\Desktop\\konkuk-sugang-ec2\\konkuk-sugang-ec2\\services\\sugangService.js:106:5)\n    at async C:\\Users\\82106\\Desktop\\konkuk-sugang-ec2\\konkuk-sugang-ec2\\services\\sugangService.js:191:28\n    at async Promise.all (index 5)\n    at async C:\\Users\\82106\\Desktop\\konkuk-sugang-ec2\\konkuk-sugang-ec2\\services\\sugangService.js:190:26\n    at async Object.exports.getMySubjectList (C:\\Users\\82106\\Desktop\\konkuk-sugang-ec2\\konkuk-sugang-ec2\\services\\sugangService.js:187:9)\n    at async exports.getMySubjectList (C:\\Users\\82106\\Desktop\\konkuk-sugang-ec2\\konkuk-sugang-ec2\\controllers\\sugangController.js:141:24)","timestamp":"2022-02-22 02:29:38"}
{"level":"info","message":"POST: /subjects, : {\"sbj_num\":[\"3181\",\"3184\",\"3185\",\"3195\",\"3221\",\"3226\"]}","timestamp":"2022-02-22 02:29:38"}
{"level":"info","message":"POST: /subjects, : {\"sbj_num\":[\"3181\",\"3184\",\"3185\",\"3195\",\"3221\",\"3226\"]}","timestamp":"2022-02-22 02:29:39"}
{"level":"info","message":"POST: /subjects, : {\"sbj_num\":[\"3181\",\"3184\",\"3185\",\"3195\",\"3221\",\"3226\"]}","timestamp":"2022-02-22 02:42:23"}
{"level":"info","message":"POST: /register, BODY: 3181","timestamp":"2022-02-22 02:42:26"}
{"level":"info","message":"POST: /register, BODY: 3184","timestamp":"2022-02-22 02:42:28"}
{"level":"info","message":"POST: /register, BODY: 3185","timestamp":"2022-02-22 02:42:30"}
{"level":"info","message":"POST: /register, BODY: 3181","timestamp":"2022-02-22 02:44:06"}
{"level":"info","message":"POST: /register, BODY: 3184","timestamp":"2022-02-22 02:44:07"}
{"level":"info","message":"POST: /register, BODY: 3184","timestamp":"2022-02-22 02:44:33"}
{"level":"info","message":"POST: /register, BODY: 3184","timestamp":"2022-02-22 02:44:33"}
{"level":"info","message":"POST: /register, BODY: 3184","timestamp":"2022-02-22 02:44:33"}
{"level":"info","message":"POST: /register, BODY: 3184","timestamp":"2022-02-22 02:44:34"}
{"level":"info","message":"POST: /register, BODY: 3184","timestamp":"2022-02-22 02:44:34"}
{"level":"info","message":"POST: /register, BODY: 3184","timestamp":"2022-02-22 02:44:34"}
{"level":"info","message":"POST: /register, BODY: 3184","timestamp":"2022-02-22 02:44:34"}
{"level":"info","message":"POST: /register, BODY: 3184","timestamp":"2022-02-22 02:44:34"}
{"level":"info","message":"POST: /register, BODY: 3184","timestamp":"2022-02-22 02:44:35"}
{"level":"info","message":"POST: /register, BODY: 3184","timestamp":"2022-02-22 02:44:35"}
{"level":"info","message":"POST: /register, BODY: 3184","timestamp":"2022-02-22 02:44:35"}
{"level":"info","message":"POST: /register, BODY: 3184","timestamp":"2022-02-22 02:44:35"}
{"level":"info","message":"POST: /register, BODY: 3184","timestamp":"2022-02-22 02:44:35"}
{"level":"info","message":"POST: /register, BODY: 3184","timestamp":"2022-02-22 02:44:35"}
{"level":"info","message":"POST: /register, BODY: 3184","timestamp":"2022-02-22 02:44:36"}
{"level":"info","message":"POST: /register, BODY: 3184","timestamp":"2022-02-22 02:44:36"}
{"level":"info","message":"POST: /register, BODY: 3184","timestamp":"2022-02-22 02:44:36"}
{"level":"info","message":"POST: /register, BODY: 3184","timestamp":"2022-02-22 02:44:36"}
{"level":"info","message":"POST: /register, BODY: 3184","timestamp":"2022-02-22 02:44:36"}
{"level":"info","message":"POST: /register, BODY: 3184","timestamp":"2022-02-22 02:44:36"}
{"level":"info","message":"POST: /register, BODY: 3184","timestamp":"2022-02-22 02:44:37"}
{"level":"info","message":"POST: /register, BODY: 3184","timestamp":"2022-02-22 02:44:37"}
{"level":"info","message":"POST: /register, BODY: 3184","timestamp":"2022-02-22 02:44:37"}
{"level":"info","message":"POST: /register, BODY: 3184","timestamp":"2022-02-22 02:44:37"}
{"level":"info","message":"POST: /register, BODY: 3184","timestamp":"2022-02-22 02:44:37"}
{"level":"info","message":"POST: /register, BODY: 3184","timestamp":"2022-02-22 02:44:38"}
{"level":"info","message":"POST: /register, BODY: 3184","timestamp":"2022-02-22 02:44:38"}
{"level":"info","message":"POST: /register, BODY: 3184","timestamp":"2022-02-22 02:44:38"}
{"level":"info","message":"POST: /register, BODY: 3184","timestamp":"2022-02-22 02:44:38"}
{"level":"info","message":"POST: /register, BODY: 3184","timestamp":"2022-02-22 02:44:38"}
{"level":"info","message":"POST: /register, BODY: 3184","timestamp":"2022-02-22 02:44:38"}
{"level":"info","message":"POST: /register, BODY: 3184","timestamp":"2022-02-22 02:44:38"}
{"level":"info","message":"POST: /register, BODY: 3184","timestamp":"2022-02-22 02:44:39"}
{"level":"info","message":"POST: /register, BODY: 3184","timestamp":"2022-02-22 02:44:39"}
{"level":"info","message":"GET: /subjects, QUERY: {\"departmentId\":\"127432\",\"type\":\"\"}","timestamp":"2022-02-22 02:44:48"}
{"level":"info","message":"POST: /subjects, : {\"sbj_num\":[\"3181\",\"3184\",\"3185\",\"3195\",\"3221\",\"3226\"]}","timestamp":"2022-02-22 02:45:07"}
{"level":"info","message":"POST: /subjects, : {\"sbj_num\":[\"3181\",\"3184\",\"3185\",\"3195\",\"3221\",\"3226\"]}","timestamp":"2022-02-22 02:45:08"}
{"level":"info","message":"GET: /subjects, QUERY: {\"departmentId\":\"122410\",\"type\":\"\"}","timestamp":"2022-02-22 02:45:24"}
{"level":"info","message":"POST: /subjects, : {\"sbj_num\":[\"3181\",\"3184\",\"3185\",\"3195\",\"3221\",\"3226\"]}","timestamp":"2022-02-22 02:47:50"}
{"level":"info","message":"POST: /register, BODY: 3181","timestamp":"2022-02-22 02:47:52"}
{"level":"info","message":"POST: /register, BODY: 3181","timestamp":"2022-02-22 02:49:14"}
{"level":"info","message":"POST: /register, BODY: 3184","timestamp":"2022-02-22 02:49:18"}
{"level":"info","message":"POST: /register, BODY: 3184","timestamp":"2022-02-22 02:50:22"}
{"level":"info","message":"POST: /register, BODY: 3181","timestamp":"2022-02-22 02:50:26"}
{"level":"info","message":"POST: /register, BODY: 3181","timestamp":"2022-02-22 02:50:41"}
{"level":"info","message":"POST: /register, BODY: 3181","timestamp":"2022-02-22 02:51:35"}
{"level":"info","message":"POST: /register, BODY: 3184","timestamp":"2022-02-22 02:53:14"}
{"level":"info","message":"POST: /register, BODY: 3184","timestamp":"2022-02-22 02:53:36"}
{"level":"info","message":"GET: /subjects, QUERY: {\"departmentId\":\"122098\",\"type\":\"\"}","timestamp":"2022-02-22 02:55:15"}
{"level":"info","message":"GET: /subjects, QUERY: {\"departmentId\":\"102761\",\"type\":\"\"}","timestamp":"2022-02-22 02:55:23"}
{"level":"info","message":"POST: /subjects, : {\"sbj_num\":[\"3181\",\"3184\",\"3185\",\"3195\",\"3221\",\"3226\"]}","timestamp":"2022-02-22 02:57:07"}
{"level":"info","message":"POST: /register, BODY: 3181","timestamp":"2022-02-22 02:57:10"}
{"level":"info","message":"POST: /register, BODY: 3181","timestamp":"2022-02-22 02:57:11"}
{"level":"info","message":"POST: /register, BODY: 3181","timestamp":"2022-02-22 02:57:12"}
{"level":"info","message":"POST: /register, BODY: 3181","timestamp":"2022-02-22 02:57:12"}
{"level":"info","message":"POST: /register, BODY: 3184","timestamp":"2022-02-22 03:00:02"}
{"level":"info","message":"POST: /register, BODY: 3184","timestamp":"2022-02-22 03:00:04"}
{"level":"info","message":"POST: /register, BODY: 3184","timestamp":"2022-02-22 03:00:05"}
{"level":"info","message":"POST: /subjects, : {\"sbj_num\":[\"3181\",\"3184\",\"3185\",\"3195\",\"3221\",\"3226\"]}","timestamp":"2022-02-22 03:02:26"}
{"level":"info","message":"POST: /subjects, : {\"sbj_num\":[\"3181\",\"3184\",\"3185\",\"3195\",\"3221\",\"3226\"]}","timestamp":"2022-02-22 03:02:44"}
{"level":"info","message":"POST: /register, BODY: 3181","timestamp":"2022-02-22 03:02:48"}
{"level":"info","message":"POST: /subjects, : {\"sbj_num\":[\"3181\",\"3184\",\"3185\",\"3195\",\"3221\",\"3226\"]}","timestamp":"2022-02-22 03:03:49"}
{"level":"info","message":"POST: /register, BODY: 3181","timestamp":"2022-02-22 03:03:51"}
{"level":"info","message":"POST: /register, BODY: 3184","timestamp":"2022-02-22 03:03:58"}
{"level":"info","message":"POST: /register, BODY: 3185","timestamp":"2022-02-22 03:04:00"}
{"level":"info","message":"POST: /register, BODY: 3195","timestamp":"2022-02-22 03:04:04"}
{"level":"info","message":"POST: /register, BODY: 3195","timestamp":"2022-02-22 03:04:07"}
{"level":"info","message":"POST: /subjects, : {\"sbj_num\":[\"3181\",\"3184\",\"3185\",\"3195\",\"3221\",\"3226\"]}","timestamp":"2022-02-22 03:04:10"}
{"level":"info","message":"POST: /register, BODY: 3181","timestamp":"2022-02-22 03:04:16"}
{"level":"info","message":"POST: /register, BODY: 3181","timestamp":"2022-02-22 03:04:16"}
{"level":"info","message":"POST: /register, BODY: 3184","timestamp":"2022-02-22 03:04:46"}
{"level":"info","timestamp":"2022-02-22 03:04:46"}
{"level":"info","message":"POST: /register, BODY: 3184","timestamp":"2022-02-22 03:05:39"}
{"level":"info","timestamp":"2022-02-22 03:05:39"}
{"level":"info","message":"POST: /register, BODY: 3184","timestamp":"2022-02-22 03:05:39"}
{"level":"info","timestamp":"2022-02-22 03:05:39"}
{"level":"info","message":"POST: /register, BODY: 3181","timestamp":"2022-02-22 03:05:43"}
{"level":"info","timestamp":"2022-02-22 03:05:43"}
{"level":"info","message":"POST: /subjects, : {\"sbj_num\":[\"3175\"]}","timestamp":"2022-02-22 03:06:55"}
{"level":"info","message":"POST: /subjects, : {\"sbj_num\":[\"3175\"]}","timestamp":"2022-02-22 03:07:15"}
{"level":"info","message":"POST: /subjects, : {\"sbj_num\":[\"3175\"]}","timestamp":"2022-02-22 03:07:41"}
{"level":"info","message":"POST: /register, BODY: 3185","timestamp":"2022-02-22 03:09:08"}
{"level":"info","timestamp":"2022-02-22 03:09:08"}
{"level":"info","message":"POST: /register, BODY: 3184","timestamp":"2022-02-22 03:09:12"}
{"level":"info","timestamp":"2022-02-22 03:09:12"}
{"level":"info","message":"POST: /register, BODY: 3181","timestamp":"2022-02-22 03:09:28"}
{"level":"info","timestamp":"2022-02-22 03:09:28"}
{"level":"info","message":"POST: /register, BODY: 3181","timestamp":"2022-02-22 03:09:28"}
{"level":"info","timestamp":"2022-02-22 03:09:28"}
{"level":"info","message":"POST: /register, BODY: 3181","timestamp":"2022-02-22 03:09:29"}
{"level":"info","timestamp":"2022-02-22 03:09:29"}
{"level":"info","message":"POST: /register, BODY: 3184","timestamp":"2022-02-22 03:09:46"}
{"level":"info","timestamp":"2022-02-22 03:09:46"}
{"level":"info","message":"POST: /register, BODY: 3184","timestamp":"2022-02-22 03:09:47"}
{"level":"info","timestamp":"2022-02-22 03:09:47"}
{"level":"info","message":"POST: /register, BODY: 3181","timestamp":"2022-02-22 03:11:31"}
{"level":"info","message":"POST: /register, BODY: 3184","timestamp":"2022-02-22 03:11:36"}
{"level":"info","message":"POST: /subjects, : {\"sbj_num\":[\"3181\",\"3184\",\"3185\",\"3195\",\"3221\",\"3226\"]}","timestamp":"2022-02-22 03:16:26"}
{"level":"info","message":"POST: /subjects, : {\"sbj_num\":[\"3181\",\"3184\",\"3185\",\"3195\",\"3221\",\"3226\"]}","timestamp":"2022-02-22 03:20:57"}
{"level":"info","message":"GET: /subjects, QUERY: {\"departmentId\":\"126916\",\"type\":\"\"}","timestamp":"2022-02-22 03:21:52"}
{"level":"info","message":"POST: /subjects, : {\"sbj_num\":[\"3181\",\"3184\",\"3185\",\"3195\",\"3221\",\"3226\"]}","timestamp":"2022-02-22 03:22:49"}
{"level":"info","message":"POST: /subjects, : {\"sbj_num\":[\"3181\",\"3184\",\"3185\",\"3195\",\"3221\",\"3226\"]}","timestamp":"2022-02-22 03:22:49"}
{"level":"info","message":"POST: /subjects, : {\"sbj_num\":[\"3181\",\"3184\",\"3185\",\"3195\",\"3221\",\"3226\"]}","timestamp":"2022-02-22 03:22:51"}
{"level":"info","message":"POST: /subjects, : {\"sbj_num\":[\"3181\",\"3184\",\"3185\",\"3195\",\"3221\",\"3226\"]}","timestamp":"2022-02-22 03:22:52"}
{"level":"info","message":"POST: /subjects, : {\"sbj_num\":[\"3181\",\"3184\",\"3185\",\"3195\",\"3221\",\"3226\"]}","timestamp":"2022-02-22 03:23:12"}
{"level":"info","message":"POST: /subjects, : {\"sbj_num\":[\"3181\",\"3184\",\"3185\",\"3195\",\"3221\",\"3226\"]}","timestamp":"2022-02-22 03:23:13"}
{"level":"info","message":"POST: /subjects, : {\"sbj_num\":[\"3181\",\"3184\",\"3185\",\"3195\",\"3221\",\"3226\"]}","timestamp":"2022-02-22 03:23:13"}
{"level":"info","message":"POST: /subjects, : {\"sbj_num\":[\"3181\",\"3184\",\"3185\",\"3195\",\"3221\",\"3226\"]}","timestamp":"2022-02-22 03:23:16"}
{"level":"info","message":"POST: /subjects, : {\"sbj_num\":[\"3181\",\"3184\",\"3185\",\"3195\",\"3221\",\"3226\"]}","timestamp":"2022-02-22 03:44:15"}
{"level":"info","message":"GET: /subjects, QUERY: {\"departmentId\":\"126915\",\"type\":\"\"}","timestamp":"2022-02-22 03:44:18"}
{"level":"info","message":"POST: /subjects, : {\"sbj_num\":[\"3181\",\"3184\",\"3185\",\"3195\",\"3221\",\"3226\"]}","timestamp":"2022-02-22 03:46:20"}
{"level":"info","message":"POST: /subjects, : {\"sbj_num\":[\"3196\"]}","timestamp":"2022-02-22 03:46:23"}
{"level":"error","message":"invalid subjectId","timestamp":"2022-02-22 03:46:24"}
{"level":"info","message":"POST: /subjects, : {\"sbj_num\":[\"3197\"]}","timestamp":"2022-02-22 03:46:27"}
{"level":"info","message":"POST: /subjects, : {\"sbj_num\":[\"3181\",\"3184\",\"3185\",\"3195\",\"3221\",\"3226\"]}","timestamp":"2022-02-22 03:49:05"}
{"level":"info","message":"POST: /subjects, : {\"sbj_num\":[\"3181\",\"3184\",\"3185\",\"3195\",\"3221\",\"3226\"]}","timestamp":"2022-02-22 03:49:07"}
{"level":"info","message":"GET: /subjects, QUERY: {\"departmentId\":\"126918\",\"type\":\"\"}","timestamp":"2022-02-22 03:49:17"}
{"level":"info","message":"POST: /subjects, : {\"sbj_num\":[\"3181\",\"3184\",\"3185\",\"3195\",\"3221\",\"3226\"]}","timestamp":"2022-02-22 03:49:20"}
{"level":"info","message":"POST: /subjects, : {\"sbj_num\":[\"3181\",\"3184\",\"3185\",\"3195\",\"3221\",\"3226\"]}","timestamp":"2022-02-22 03:49:21"}
{"level":"info","message":"POST: /subjects, : {\"sbj_num\":[\"3181\",\"3184\",\"3185\",\"3195\",\"3221\",\"3226\"]}","timestamp":"2022-02-22 03:49:23"}
{"level":"info","message":"POST: /subjects, : {\"sbj_num\":[\"3181\",\"3184\",\"3185\",\"3195\",\"3221\",\"3226\"]}","timestamp":"2022-02-22 03:49:24"}
{"level":"info","message":"POST: /subjects, : {\"sbj_num\":[\"3181\",\"3184\",\"3185\",\"3195\",\"3221\",\"3226\"]}","timestamp":"2022-02-22 03:49:25"}
{"level":"info","message":"POST: /subjects, : {\"sbj_num\":[\"3181\",\"3184\",\"3185\",\"3195\",\"3221\",\"3226\"]}","timestamp":"2022-02-22 03:49:25"}
{"level":"info","message":"POST: /subjects, : {\"sbj_num\":[\"3181\",\"3184\",\"3185\",\"3195\",\"3221\",\"3226\"]}","timestamp":"2022-02-22 03:49:26"}
{"level":"info","message":"POST: /subjects, : {\"sbj_num\":[\"3181\",\"3184\",\"3185\",\"3195\",\"3221\",\"3226\"]}","timestamp":"2022-02-22 03:49:26"}
{"level":"info","message":"POST: /subjects, : {\"sbj_num\":[\"3181\",\"3184\",\"3185\",\"3195\",\"3221\",\"3226\"]}","timestamp":"2022-02-22 03:49:26"}
{"level":"info","message":"POST: /subjects, : {\"sbj_num\":[\"3181\",\"3184\",\"3185\",\"3195\",\"3221\",\"3226\"]}","timestamp":"2022-02-22 03:49:27"}
{"level":"info","message":"POST: /subjects, : {\"sbj_num\":[\"3181\",\"3184\",\"3185\",\"3195\",\"3221\",\"3226\"]}","timestamp":"2022-02-22 03:49:28"}
{"level":"error","message":"TypeError: Cannot read property 'map' of undefined\n    at C:\\Users\\82106\\Desktop\\konkuk-sugang-ec2\\konkuk-sugang-ec2\\services\\sugangService.js:198:38\n    at runMicrotasks (<anonymous>)\n    at processTicksAndRejections (internal/process/task_queues.js:95:5)\n    at async findBySubjectId (C:\\Users\\82106\\Desktop\\konkuk-sugang-ec2\\konkuk-sugang-ec2\\services\\sugangService.js:173:5)\n    at async C:\\Users\\82106\\Desktop\\konkuk-sugang-ec2\\konkuk-sugang-ec2\\services\\sugangService.js:278:32\n    at async Promise.all (index 0)\n    at async C:\\Users\\82106\\Desktop\\konkuk-sugang-ec2\\konkuk-sugang-ec2\\services\\sugangService.js:276:26\n    at async Object.exports.getMySubjectList (C:\\Users\\82106\\Desktop\\konkuk-sugang-ec2\\konkuk-sugang-ec2\\services\\sugangService.js:273:9)\n    at async exports.getMySubjectList (C:\\Users\\82106\\Desktop\\konkuk-sugang-ec2\\konkuk-sugang-ec2\\controllers\\sugangController.js:81:24)","timestamp":"2022-02-22 03:49:28"}
{"level":"info","message":"POST: /subjects, : {\"sbj_num\":[\"3181\",\"3184\",\"3185\",\"3195\",\"3221\",\"3226\"]}","timestamp":"2022-02-22 03:49:28"}
{"level":"error","message":"FetchError: request to https://kuis.konkuk.ac.kr/CourTotalTimetableInq/find.do failed, reason: connect ETIMEDOUT 202.30.38.225:443\n    at ClientRequest.<anonymous> (file:///C:/Users/82106/Desktop/konkuk-sugang-ec2/konkuk-sugang-ec2/node_modules/node-fetch/src/index.js:108:11)\n    at ClientRequest.emit (events.js:412:35)\n    at TLSSocket.socketErrorListener (_http_client.js:475:9)\n    at TLSSocket.emit (events.js:400:28)\n    at emitErrorNT (internal/streams/destroy.js:106:8)\n    at emitErrorCloseNT (internal/streams/destroy.js:74:3)\n    at processTicksAndRejections (internal/process/task_queues.js:82:21)","timestamp":"2022-02-22 03:49:29"}
{"level":"info","message":"POST: /subjects, : {\"sbj_num\":[\"3181\",\"3184\",\"3185\",\"3195\",\"3221\",\"3226\"]}","timestamp":"2022-02-22 03:49:30"}
{"level":"info","message":"GET: /subjects, QUERY: {\"departmentId\":\"126920\",\"type\":\"\"}","timestamp":"2022-02-22 03:49:34"}
{"level":"info","message":"POST: /subjects, : {\"sbj_num\":[\"3181\",\"3184\",\"3185\",\"3195\",\"3221\",\"3226\",\"3973\",\"3974\",\"3975\",\"3979\",\"3980\"]}","timestamp":"2022-02-22 03:49:41"}
{"level":"info","message":"POST: /subjects, : {\"sbj_num\":[\"3181\",\"3184\",\"3185\",\"3195\",\"3221\",\"3226\",\"3973\",\"3974\",\"3975\",\"3979\",\"3980\"]}","timestamp":"2022-02-22 03:49:42"}
{"level":"info","message":"POST: /subjects, : {\"sbj_num\":[\"3181\",\"3184\",\"3185\",\"3195\",\"3221\",\"3226\",\"3973\",\"3974\",\"3975\",\"3979\",\"3980\"]}","timestamp":"2022-02-22 03:49:43"}
{"level":"info","message":"POST: /subjects, : {\"sbj_num\":[\"3181\",\"3184\",\"3185\",\"3195\",\"3221\",\"3226\",\"3973\",\"3974\",\"3975\",\"3979\",\"3980\"]}","timestamp":"2022-02-22 03:49:43"}
{"level":"info","message":"POST: /subjects, : {\"sbj_num\":[\"3181\",\"3184\",\"3185\",\"3195\",\"3221\",\"3226\",\"3973\",\"3974\",\"3975\",\"3979\",\"3980\"]}","timestamp":"2022-02-22 03:49:44"}
{"level":"info","message":"POST: /subjects, : {\"sbj_num\":[\"3181\",\"3184\",\"3185\",\"3195\",\"3221\",\"3226\",\"3973\",\"3974\",\"3975\",\"3979\",\"3980\"]}","timestamp":"2022-02-22 03:49:44"}
{"level":"info","message":"POST: /subjects, : {\"sbj_num\":[\"3181\",\"3184\",\"3185\",\"3195\",\"3221\",\"3226\",\"3973\",\"3974\",\"3975\",\"3979\",\"3980\"]}","timestamp":"2022-02-22 03:49:48"}
{"level":"info","message":"POST: /subjects, : {\"sbj_num\":[]}","timestamp":"2022-02-22 17:29:18"}
{"level":"info","message":"GET: /subjects, QUERY: {\"departmentId\":\"126916\",\"type\":\"\"}","timestamp":"2022-02-22 17:29:24"}
{"level":"info","message":"POST: /subjects, : {\"sbj_num\":[\"0265\",\"0267\",\"0268\"]}","timestamp":"2022-02-22 17:29:27"}
{"level":"info","message":"POST: /subjects, : {\"sbj_num\":[\"0265\",\"0267\",\"0268\"]}","timestamp":"2022-02-22 17:29:37"}
{"level":"info","message":"POST: /subjects, : {\"sbj_num\":[\"0265\",\"0267\",\"0268\"]}","timestamp":"2022-02-22 17:29:38"}
{"level":"info","message":"POST: /subjects, : {\"sbj_num\":[\"0265\",\"0267\",\"0268\"]}","timestamp":"2022-02-22 17:29:38"}
{"level":"info","message":"POST: /subjects, : {\"sbj_num\":[\"0265\",\"0267\",\"0268\"]}","timestamp":"2022-02-22 17:29:39"}
{"level":"info","message":"POST: /subjects, : {\"sbj_num\":[\"0265\",\"0267\",\"0268\"]}","timestamp":"2022-02-22 17:29:40"}
{"level":"info","message":"POST: /subjects, : {\"sbj_num\":[\"0265\",\"0267\",\"0268\"]}","timestamp":"2022-02-22 17:29:41"}
{"level":"info","message":"POST: /subjects, : {\"sbj_num\":[\"0265\",\"0267\",\"0268\"]}","timestamp":"2022-02-22 17:29:42"}
{"level":"info","message":"POST: /subjects, : {\"sbj_num\":[\"0265\",\"0267\",\"0268\"]}","timestamp":"2022-02-22 17:29:43"}
{"level":"info","message":"POST: /subjects, : {\"sbj_num\":[\"0265\",\"0267\",\"0268\"]}","timestamp":"2022-02-22 17:29:47"}
{"level":"info","message":"POST: /subjects, : {\"sbj_num\":[\"0265\",\"0267\",\"0268\"]}","timestamp":"2022-02-22 17:29:47"}
{"level":"info","message":"POST: /subjects, : {\"sbj_num\":[\"0265\",\"0267\",\"0268\"]}","timestamp":"2022-02-22 17:29:48"}
{"level":"info","message":"POST: /subjects, : {\"sbj_num\":[\"0265\",\"0267\",\"0268\"]}","timestamp":"2022-02-22 17:29:49"}
{"level":"info","message":"POST: /subjects, : {\"sbj_num\":[\"0265\",\"0267\",\"0268\"]}","timestamp":"2022-02-22 17:29:49"}
{"level":"info","message":"GET: /subjects, QUERY: {\"departmentId\":\"127428\",\"type\":\"\"}","timestamp":"2022-02-22 17:30:00"}
{"level":"info","message":"POST: /subjects, : {\"sbj_num\":[\"3181\",\"3182\",\"3183\",\"3184\"]}","timestamp":"2022-02-22 17:30:48"}
{"level":"info","message":"POST: /subjects, : {\"sbj_num\":[\"3181\",\"3182\",\"3183\",\"3184\"]}","timestamp":"2022-02-22 17:30:48"}
{"level":"info","message":"POST: /subjects, : {\"sbj_num\":[\"3181\",\"3182\",\"3183\",\"3184\",\"3221\",\"3225\",\"3226\"]}","timestamp":"2022-02-22 17:30:58"}
{"level":"info","message":"POST: /subjects, : {\"sbj_num\":[\"3181\",\"3182\",\"3183\",\"3184\",\"3221\",\"3225\",\"3226\"]}","timestamp":"2022-02-22 17:30:59"}
{"level":"info","message":"POST: /subjects, : {\"sbj_num\":[\"3181\",\"3182\",\"3183\",\"3184\",\"3221\",\"3225\",\"3226\"]}","timestamp":"2022-02-22 17:30:59"}
{"level":"info","message":"POST: /subjects, : {\"sbj_num\":[\"3181\",\"3182\",\"3183\",\"3184\",\"3221\",\"3225\",\"3226\"]}","timestamp":"2022-02-22 17:31:00"}
{"level":"info","message":"POST: /subjects, : {\"sbj_num\":[\"3181\",\"3182\",\"3183\",\"3184\",\"3221\",\"3225\",\"3226\"]}","timestamp":"2022-02-22 17:31:00"}
{"level":"info","message":"POST: /subjects, : {\"sbj_num\":[\"3181\",\"3182\",\"3183\",\"3184\",\"3221\",\"3225\",\"3226\"]}","timestamp":"2022-02-22 17:31:01"}
{"level":"info","message":"POST: /subjects, : {\"sbj_num\":[\"3181\",\"3182\",\"3183\",\"3184\",\"3221\",\"3225\",\"3226\"]}","timestamp":"2022-02-22 17:31:02"}
{"level":"info","message":"POST: /subjects, : {\"sbj_num\":[\"3181\",\"3182\",\"3183\",\"3184\",\"3221\",\"3225\",\"3226\"]}","timestamp":"2022-02-22 17:31:03"}
{"level":"info","message":"POST: /subjects, : {\"sbj_num\":[\"3181\",\"3182\",\"3183\",\"3184\",\"3221\",\"3225\",\"3226\"]}","timestamp":"2022-02-22 17:31:04"}
{"level":"info","message":"POST: /subjects, : {\"sbj_num\":[\"3181\",\"3182\",\"3183\",\"3184\",\"3221\",\"3225\",\"3226\"]}","timestamp":"2022-02-22 17:31:04"}
{"level":"info","message":"POST: /subjects, : {\"sbj_num\":[\"3181\",\"3182\",\"3183\",\"3184\",\"3221\",\"3225\",\"3226\"]}","timestamp":"2022-02-22 17:31:05"}
{"level":"info","message":"POST: /subjects, : {\"sbj_num\":[\"3181\",\"3182\",\"3183\",\"3184\",\"3221\",\"3225\",\"3226\"]}","timestamp":"2022-02-22 17:31:05"}
{"level":"info","message":"POST: /subjects, : {\"sbj_num\":[\"3181\",\"3182\",\"3183\",\"3184\",\"3221\",\"3225\",\"3226\"]}","timestamp":"2022-02-22 17:31:06"}
{"level":"info","message":"POST: /subjects, : {\"sbj_num\":[\"3181\",\"3182\",\"3183\",\"3184\",\"3221\",\"3225\",\"3226\"]}","timestamp":"2022-02-22 17:31:07"}
{"level":"error","message":"TypeError: Cannot read property 'map' of undefined\n    at C:\\Users\\82106\\Desktop\\konkuk-sugang-ec2\\konkuk-sugang-ec2\\services\\sugangService.js:198:38\n    at runMicrotasks (<anonymous>)\n    at processTicksAndRejections (internal/process/task_queues.js:95:5)\n    at async findBySubjectId (C:\\Users\\82106\\Desktop\\konkuk-sugang-ec2\\konkuk-sugang-ec2\\services\\sugangService.js:173:5)\n    at async C:\\Users\\82106\\Desktop\\konkuk-sugang-ec2\\konkuk-sugang-ec2\\services\\sugangService.js:278:32\n    at async Promise.all (index 1)\n    at async C:\\Users\\82106\\Desktop\\konkuk-sugang-ec2\\konkuk-sugang-ec2\\services\\sugangService.js:276:26\n    at async Object.exports.getMySubjectList (C:\\Users\\82106\\Desktop\\konkuk-sugang-ec2\\konkuk-sugang-ec2\\services\\sugangService.js:273:9)\n    at async exports.getMySubjectList (C:\\Users\\82106\\Desktop\\konkuk-sugang-ec2\\konkuk-sugang-ec2\\controllers\\sugangController.js:81:24)","timestamp":"2022-02-22 17:31:07"}
{"level":"info","message":"POST: /subjects, : {\"sbj_num\":[\"3181\",\"3182\",\"3183\",\"3184\",\"3221\",\"3225\",\"3226\"]}","timestamp":"2022-02-22 17:31:07"}
{"level":"info","message":"POST: /subjects, : {\"sbj_num\":[\"3181\",\"3182\",\"3183\",\"3184\",\"3221\",\"3225\",\"3226\"]}","timestamp":"2022-02-22 17:31:08"}
{"level":"info","message":"POST: /subjects, : {\"sbj_num\":[\"3181\",\"3182\",\"3183\",\"3184\",\"3221\",\"3225\",\"3226\"]}","timestamp":"2022-02-22 17:31:09"}
{"level":"info","message":"POST: /subjects, : {\"sbj_num\":[\"3181\",\"3182\",\"3183\",\"3184\",\"3221\",\"3225\",\"3226\"]}","timestamp":"2022-02-22 17:31:09"}
{"level":"info","message":"POST: /subjects, : {\"sbj_num\":[\"3181\",\"3182\",\"3183\",\"3184\",\"3221\",\"3225\",\"3226\"]}","timestamp":"2022-02-22 17:31:10"}
{"level":"info","message":"POST: /subjects, : {\"sbj_num\":[\"3181\",\"3182\",\"3183\",\"3184\",\"3221\",\"3225\",\"3226\"]}","timestamp":"2022-02-22 17:31:10"}
{"level":"info","message":"POST: /subjects, : {\"sbj_num\":[\"3181\",\"3182\",\"3183\",\"3184\",\"3221\",\"3225\",\"3226\"]}","timestamp":"2022-02-22 17:31:11"}
{"level":"info","message":"POST: /subjects, : {\"sbj_num\":[\"3181\",\"3182\",\"3183\",\"3184\",\"3221\",\"3225\",\"3226\"]}","timestamp":"2022-02-22 17:31:12"}
{"level":"info","message":"POST: /subjects, : {\"sbj_num\":[\"3181\",\"3182\",\"3183\",\"3184\",\"3221\",\"3225\",\"3226\"]}","timestamp":"2022-02-22 17:31:12"}
{"level":"info","message":"POST: /subjects, : {\"sbj_num\":[\"3181\",\"3182\",\"3183\",\"3184\",\"3221\",\"3225\",\"3226\"]}","timestamp":"2022-02-22 17:31:14"}
{"level":"info","message":"POST: /subjects, : {\"sbj_num\":[\"3181\",\"3182\",\"3183\",\"3184\",\"3221\",\"3225\",\"3226\"]}","timestamp":"2022-02-22 17:31:14"}
{"level":"info","message":"POST: /subjects, : {\"sbj_num\":[\"3181\",\"3182\",\"3183\",\"3184\",\"3221\",\"3225\",\"3226\"]}","timestamp":"2022-02-22 17:31:15"}
{"level":"info","message":"POST: /subjects, : {\"sbj_num\":[\"3181\",\"3182\",\"3183\",\"3184\",\"3221\",\"3225\",\"3226\"]}","timestamp":"2022-02-22 17:31:16"}
{"level":"info","message":"POST: /subjects, : {\"sbj_num\":[\"3181\",\"3182\",\"3183\",\"3184\",\"3221\",\"3225\",\"3226\"]}","timestamp":"2022-02-22 17:31:16"}
{"level":"info","message":"POST: /subjects, : {\"sbj_num\":[\"3181\",\"3182\",\"3183\",\"3184\",\"3221\",\"3225\",\"3226\"]}","timestamp":"2022-02-22 17:31:17"}
{"level":"info","message":"POST: /subjects, : {\"sbj_num\":[\"3181\",\"3182\",\"3183\",\"3184\",\"3221\",\"3225\",\"3226\"]}","timestamp":"2022-02-22 17:31:22"}
{"level":"info","message":"POST: /subjects, : {\"sbj_num\":[\"3181\",\"3182\",\"3183\",\"3184\",\"3221\",\"3225\",\"3226\"]}","timestamp":"2022-02-22 17:31:45"}
{"level":"info","message":"POST: /subjects, : {\"sbj_num\":[]}","timestamp":"2022-02-22 22:48:28"}
{"level":"info","message":"GET: /subjects, QUERY: {\"departmentId\":\"126915\",\"type\":\"\"}","timestamp":"2022-02-22 22:48:30"}
{"level":"info","message":"GET: /subjects, QUERY: {\"departmentId\":\"127428\",\"type\":\"\"}","timestamp":"2022-02-22 22:48:38"}
{"level":"info","message":"POST: /subjects, : {\"sbj_num\":[\"3181\",\"3183\",\"3185\",\"3189\",\"3195\",\"3197\"]}","timestamp":"2022-02-22 22:49:00"}
{"level":"info","message":"POST: /subjects, : {\"sbj_num\":[\"3181\",\"3183\",\"3185\",\"3189\",\"3195\",\"3197\"]}","timestamp":"2022-02-22 22:49:12"}
{"level":"info","message":"POST: /subjects, : {\"sbj_num\":[\"3181\",\"3183\",\"3185\",\"3189\",\"3195\",\"3197\"]}","timestamp":"2022-02-22 22:53:40"}
{"level":"info","message":"GET: /subjects, QUERY: {\"departmentId\":\"\",\"type\":\"B04054\"}","timestamp":"2022-02-22 22:53:43"}
{"level":"info","message":"GET: /subjects, QUERY: {\"departmentId\":\"\",\"type\":\"B04054\"}","timestamp":"2022-02-22 22:53:45"}
{"level":"info","message":"GET: /subjects, QUERY: {\"departmentId\":\"\",\"type\":\"B04054\"}","timestamp":"2022-02-22 22:53:46"}
{"level":"info","message":"GET: /subjects, QUERY: {\"departmentId\":\"\",\"type\":\"B04054\"}","timestamp":"2022-02-22 22:53:46"}
{"level":"error","message":"TypeError: Cannot read property 'filter' of undefined\n    at C:\\Users\\82106\\Desktop\\konkuk-sugang-ec2\\konkuk-sugang-ec2\\services\\sugangService.js:153:38\n    at processTicksAndRejections (internal/process/task_queues.js:95:5)\n    at async find (C:\\Users\\82106\\Desktop\\konkuk-sugang-ec2\\konkuk-sugang-ec2\\services\\sugangService.js:128:5)\n    at async C:\\Users\\82106\\Desktop\\konkuk-sugang-ec2\\konkuk-sugang-ec2\\services\\sugangService.js:239:26\n    at async Object.exports.getSubjects (C:\\Users\\82106\\Desktop\\konkuk-sugang-ec2\\konkuk-sugang-ec2\\services\\sugangService.js:236:9)\n    at async exports.getSubjects (C:\\Users\\82106\\Desktop\\konkuk-sugang-ec2\\konkuk-sugang-ec2\\controllers\\sugangController.js:59:24)","timestamp":"2022-02-22 22:53:46"}
{"level":"info","message":"GET: /subjects, QUERY: {\"departmentId\":\"\",\"type\":\"B04054\"}","timestamp":"2022-02-22 22:53:46"}
{"level":"info","message":"GET: /subjects, QUERY: {\"departmentId\":\"\",\"type\":\"B04054\"}","timestamp":"2022-02-22 22:53:47"}
{"level":"info","message":"GET: /subjects, QUERY: {\"departmentId\":\"\",\"type\":\"B04054\"}","timestamp":"2022-02-22 22:53:47"}
{"level":"info","message":"GET: /subjects, QUERY: {\"departmentId\":\"\",\"type\":\"B04054\"}","timestamp":"2022-02-22 22:53:48"}
{"level":"info","message":"GET: /subjects, QUERY: {\"departmentId\":\"\",\"type\":\"B0404P\"}","timestamp":"2022-02-22 22:55:17"}
{"level":"info","message":"GET: /subjects, QUERY: {\"departmentId\":\"\",\"type\":\"B0404P\"}","timestamp":"2022-02-22 22:55:19"}
{"level":"info","message":"GET: /subjects, QUERY: {\"departmentId\":\"\",\"type\":\"B04054\"}","timestamp":"2022-02-22 22:55:40"}
{"level":"info","message":"GET: /subjects, QUERY: {\"departmentId\":\"\",\"type\":\"B04046\"}","timestamp":"2022-02-22 22:55:50"}
{"level":"info","message":"GET: /subjects, QUERY: {\"departmentId\":\"\",\"type\":\"B04054\"}","timestamp":"2022-02-22 22:55:54"}
{"level":"info","message":"GET: /subjects, QUERY: {\"departmentId\":\"\",\"type\":\"B04046\"}","timestamp":"2022-02-22 22:56:04"}
{"level":"info","message":"GET: /subjects, QUERY: {\"departmentId\":\"\",\"type\":\"B04054\"}","timestamp":"2022-02-22 22:56:07"}
{"level":"info","message":"GET: /subjects, QUERY: {\"departmentId\":\"\",\"type\":\"B0404P\"}","timestamp":"2022-02-22 22:56:09"}
{"level":"info","message":"GET: /subjects, QUERY: {\"departmentId\":\"\",\"type\":\"B04054\"}","timestamp":"2022-02-22 22:56:27"}
{"level":"info","message":"GET: /subjects, QUERY: {\"departmentId\":\"\",\"type\":\"B04046\"}","timestamp":"2022-02-22 22:57:42"}
{"level":"info","message":"GET: /subjects, QUERY: {\"departmentId\":\"\",\"type\":\"B04046\"}","timestamp":"2022-02-22 22:57:44"}
{"level":"info","message":"POST: /subjects, : {\"sbj_num\":[\"0701\",\"0702\",\"0750\",\"1246\",\"1247\",\"1248\",\"1270\",\"1371\",\"1372\",\"1392\",\"1394\",\"1395\",\"1396\",\"1400\",\"1401\",\"1402\",\"1682\",\"1683\",\"1684\",\"1750\",\"3181\",\"3183\",\"3185\",\"3189\",\"3195\",\"3197\"]}","timestamp":"2022-02-22 22:57:46"}
{"level":"info","message":"GET: /subjects, QUERY: {\"departmentId\":\"\",\"type\":\"B0404P\"}","timestamp":"2022-02-22 22:57:55"}
{"level":"info","message":"GET: /subjects, QUERY: {\"departmentId\":\"\",\"type\":\"B0404P\"}","timestamp":"2022-02-22 22:57:57"}
{"level":"info","message":"GET: /subjects, QUERY: {\"departmentId\":\"\",\"type\":\"B04054\"}","timestamp":"2022-02-22 22:58:09"}
{"level":"info","message":"GET: /subjects, QUERY: {\"departmentId\":\"\",\"type\":\"B04054\"}","timestamp":"2022-02-22 22:58:40"}
{"level":"info","message":"GET: /subjects, QUERY: {\"departmentId\":\"\",\"type\":\"B04054\"}","timestamp":"2022-02-22 22:58:41"}
{"level":"info","message":"GET: /subjects, QUERY: {\"departmentId\":\"\",\"type\":\"B04054\"}","timestamp":"2022-02-22 22:58:41"}
{"level":"info","message":"GET: /subjects, QUERY: {\"departmentId\":\"\",\"type\":\"B04054\"}","timestamp":"2022-02-22 22:58:44"}
{"level":"info","message":"GET: /subjects, QUERY: {\"departmentId\":\"\",\"type\":\"B04054\"}","timestamp":"2022-02-22 22:58:45"}
{"level":"info","message":"GET: /subjects, QUERY: {\"departmentId\":\"127430\",\"type\":\"\"}","timestamp":"2022-02-22 22:58:48"}
{"level":"info","message":"GET: /subjects, QUERY: {\"departmentId\":\"127430\",\"type\":\"\"}","timestamp":"2022-02-22 22:58:50"}
{"level":"error","message":"TypeError: Cannot read property 'filter' of undefined\n    at C:\\Users\\82106\\Desktop\\konkuk-sugang-ec2\\konkuk-sugang-ec2\\services\\sugangService.js:153:38\n    at runMicrotasks (<anonymous>)\n    at processTicksAndRejections (internal/process/task_queues.js:95:5)\n    at async find (C:\\Users\\82106\\Desktop\\konkuk-sugang-ec2\\konkuk-sugang-ec2\\services\\sugangService.js:128:5)\n    at async C:\\Users\\82106\\Desktop\\konkuk-sugang-ec2\\konkuk-sugang-ec2\\services\\sugangService.js:239:26\n    at async Object.exports.getSubjects (C:\\Users\\82106\\Desktop\\konkuk-sugang-ec2\\konkuk-sugang-ec2\\services\\sugangService.js:236:9)\n    at async exports.getSubjects (C:\\Users\\82106\\Desktop\\konkuk-sugang-ec2\\konkuk-sugang-ec2\\controllers\\sugangController.js:59:24)","timestamp":"2022-02-22 22:58:50"}
{"level":"info","message":"GET: /subjects, QUERY: {\"departmentId\":\"127430\",\"type\":\"\"}","timestamp":"2022-02-22 22:58:53"}
{"level":"info","message":"GET: /subjects, QUERY: {\"departmentId\":\"127430\",\"type\":\"\"}","timestamp":"2022-02-22 22:58:55"}
{"level":"info","message":"GET: /subjects, QUERY: {\"departmentId\":\"\",\"type\":\"B04054\"}","timestamp":"2022-02-22 22:58:56"}
{"level":"info","message":"GET: /subjects, QUERY: {\"departmentId\":\"\",\"type\":\"B04054\"}","timestamp":"2022-02-22 22:58:58"}
{"level":"info","message":"GET: /subjects, QUERY: {\"departmentId\":\"\",\"type\":\"B04054\"}","timestamp":"2022-02-22 22:58:58"}
{"level":"info","message":"GET: /subjects, QUERY: {\"departmentId\":\"\",\"type\":\"B0404P\"}","timestamp":"2022-02-22 22:59:02"}
{"level":"info","message":"GET: /subjects, QUERY: {\"departmentId\":\"\",\"type\":\"B0404P\"}","timestamp":"2022-02-22 22:59:04"}
{"level":"info","message":"GET: /subjects, QUERY: {\"departmentId\":\"\",\"type\":\"B0404P\"}","timestamp":"2022-02-22 22:59:07"}
{"level":"info","message":"GET: /subjects, QUERY: {\"departmentId\":\"\",\"type\":\"B0404P\"}","timestamp":"2022-02-22 23:02:11"}
{"level":"info","message":"GET: /subjects, QUERY: {\"departmentId\":\"\",\"type\":\"B0404P\"}","timestamp":"2022-02-22 23:02:12"}
{"level":"info","message":"GET: /subjects, QUERY: {\"departmentId\":\"\",\"type\":\"B0404P\"}","timestamp":"2022-02-22 23:02:12"}
{"level":"error","message":"TypeError: Cannot read property 'filter' of undefined\n    at C:\\Users\\82106\\Desktop\\konkuk-sugang-ec2\\konkuk-sugang-ec2\\services\\sugangService.js:153:38\n    at runMicrotasks (<anonymous>)\n    at processTicksAndRejections (internal/process/task_queues.js:95:5)\n    at async find (C:\\Users\\82106\\Desktop\\konkuk-sugang-ec2\\konkuk-sugang-ec2\\services\\sugangService.js:128:5)\n    at async C:\\Users\\82106\\Desktop\\konkuk-sugang-ec2\\konkuk-sugang-ec2\\services\\sugangService.js:239:26\n    at async Object.exports.getSubjects (C:\\Users\\82106\\Desktop\\konkuk-sugang-ec2\\konkuk-sugang-ec2\\services\\sugangService.js:236:9)\n    at async exports.getSubjects (C:\\Users\\82106\\Desktop\\konkuk-sugang-ec2\\konkuk-sugang-ec2\\controllers\\sugangController.js:59:24)","timestamp":"2022-02-22 23:02:12"}
{"level":"info","message":"GET: /subjects, QUERY: {\"departmentId\":\"\",\"type\":\"B0404P\"}","timestamp":"2022-02-22 23:02:13"}
{"level":"info","message":"GET: /subjects, QUERY: {\"departmentId\":\"\",\"type\":\"B0404P\"}","timestamp":"2022-02-22 23:02:23"}
{"level":"info","message":"GET: /subjects, QUERY: {\"departmentId\":\"\",\"type\":\"B04054\"}","timestamp":"2022-02-22 23:02:38"}
{"level":"info","message":"GET: /subjects, QUERY: {\"departmentId\":\"\",\"type\":\"B04054\"}","timestamp":"2022-02-22 23:02:52"}
{"level":"info","message":"GET: /subjects, QUERY: {\"departmentId\":\"\",\"type\":\"B04054\"}","timestamp":"2022-02-22 23:02:52"}
{"level":"info","message":"GET: /subjects, QUERY: {\"departmentId\":\"\",\"type\":\"B04046\"}","timestamp":"2022-02-22 23:02:54"}
{"level":"info","message":"GET: /subjects, QUERY: {\"departmentId\":\"\",\"type\":\"B04046\"}","timestamp":"2022-02-22 23:03:05"}
{"level":"info","message":"GET: /subjects, QUERY: {\"departmentId\":\"\",\"type\":\"B04046\"}","timestamp":"2022-02-22 23:03:05"}
{"level":"info","message":"GET: /subjects, QUERY: {\"departmentId\":\"\",\"type\":\"B04046\"}","timestamp":"2022-02-22 23:03:06"}
{"level":"info","message":"GET: /subjects, QUERY: {\"departmentId\":\"\",\"type\":\"B04046\"}","timestamp":"2022-02-22 23:03:06"}
{"level":"info","message":"POST: /subjects, : {\"sbj_num\":[\"0701\",\"0702\",\"0750\",\"1246\",\"1247\",\"1248\",\"1270\",\"1371\",\"1372\",\"1392\",\"1394\",\"1395\",\"1396\",\"1400\",\"1401\",\"1402\",\"1580\",\"1581\",\"1682\",\"1683\",\"1684\",\"1734\",\"1747\",\"1750\",\"3181\",\"3183\",\"3185\",\"3189\",\"3195\",\"3197\"]}","timestamp":"2022-02-22 23:03:56"}
{"level":"info","message":"POST: /subjects, : {\"sbj_num\":[\"0701\",\"0702\",\"0750\",\"1246\",\"1247\",\"1248\",\"1270\",\"1371\",\"1372\",\"1392\",\"1394\",\"1395\",\"1396\",\"1400\",\"1401\",\"1402\",\"1580\",\"1581\",\"1682\",\"1683\",\"1684\",\"1734\",\"1747\",\"1750\",\"3181\",\"3183\",\"3185\",\"3189\",\"3195\",\"3197\"]}","timestamp":"2022-02-22 23:04:39"}
{"level":"info","message":"GET: /subjects, QUERY: {\"departmentId\":\"\",\"type\":\"B04046\"}","timestamp":"2022-02-22 23:04:41"}
{"level":"info","message":"GET: /subjects, QUERY: {\"departmentId\":\"\",\"type\":\"B04046\"}","timestamp":"2022-02-22 23:04:42"}
{"level":"info","message":"GET: /subjects, QUERY: {\"departmentId\":\"\",\"type\":\"B04046\"}","timestamp":"2022-02-22 23:04:42"}
{"level":"error","message":"TypeError: Cannot read property 'filter' of undefined\n    at C:\\Users\\82106\\Desktop\\konkuk-sugang-ec2\\konkuk-sugang-ec2\\services\\sugangService.js:153:38\n    at processTicksAndRejections (internal/process/task_queues.js:95:5)\n    at async find (C:\\Users\\82106\\Desktop\\konkuk-sugang-ec2\\konkuk-sugang-ec2\\services\\sugangService.js:128:5)\n    at async C:\\Users\\82106\\Desktop\\konkuk-sugang-ec2\\konkuk-sugang-ec2\\services\\sugangService.js:239:26\n    at async Object.exports.getSubjects (C:\\Users\\82106\\Desktop\\konkuk-sugang-ec2\\konkuk-sugang-ec2\\services\\sugangService.js:236:9)\n    at async exports.getSubjects (C:\\Users\\82106\\Desktop\\konkuk-sugang-ec2\\konkuk-sugang-ec2\\controllers\\sugangController.js:59:24)","timestamp":"2022-02-22 23:04:42"}
{"level":"info","message":"GET: /subjects, QUERY: {\"departmentId\":\"\",\"type\":\"B0404P\"}","timestamp":"2022-02-22 23:04:43"}
{"level":"info","message":"GET: /subjects, QUERY: {\"departmentId\":\"\",\"type\":\"B0404P\"}","timestamp":"2022-02-22 23:04:46"}
{"level":"info","message":"GET: /subjects, QUERY: {\"departmentId\":\"\",\"type\":\"B0404P\"}","timestamp":"2022-02-22 23:04:48"}
{"level":"info","message":"GET: /subjects, QUERY: {\"departmentId\":\"\",\"type\":\"B0404P\"}","timestamp":"2022-02-22 23:04:51"}
{"level":"info","message":"GET: /subjects, QUERY: {\"departmentId\":\"\",\"type\":\"B04046\"}","timestamp":"2022-02-22 23:04:58"}
{"level":"info","message":"GET: /subjects, QUERY: {\"departmentId\":\"\",\"type\":\"B04046\"}","timestamp":"2022-02-22 23:05:01"}
{"level":"info","message":"GET: /subjects, QUERY: {\"departmentId\":\"\",\"type\":\"B04046\"}","timestamp":"2022-02-22 23:05:02"}
{"level":"info","message":"GET: /subjects, QUERY: {\"departmentId\":\"\",\"type\":\"B04046\"}","timestamp":"2022-02-22 23:05:02"}
{"level":"info","message":"GET: /subjects, QUERY: {\"departmentId\":\"\",\"type\":\"B04046\"}","timestamp":"2022-02-22 23:05:21"}
{"level":"info","message":"GET: /subjects, QUERY: {\"departmentId\":\"\",\"type\":\"B04046\"}","timestamp":"2022-02-22 23:05:23"}
{"level":"info","message":"GET: /subjects, QUERY: {\"departmentId\":\"127432\",\"type\":\"\"}","timestamp":"2022-02-22 23:05:26"}
{"level":"info","message":"POST: /subjects, : {\"sbj_num\":[\"0701\",\"0702\",\"0750\",\"1200\",\"1201\",\"1246\",\"1247\",\"1248\",\"1270\",\"1371\",\"1372\",\"1392\",\"1394\",\"1395\",\"1396\",\"1400\",\"1401\",\"1402\",\"1580\",\"1581\",\"1682\",\"1683\",\"1684\",\"1734\",\"1747\",\"1750\",\"3181\",\"3183\",\"3185\",\"3189\",\"3195\",\"3197\"]}","timestamp":"2022-02-22 23:06:16"}
