{"level":"info","message":"POST: /subjects, : {\"sbj_num\":[\"0702\",\"0708\",\"3922\",\"3924\",\"3925\"]}","timestamp":"2022-02-20 20:51:10"}
{"level":"info","message":"GET: /subjects, QUERY: {\"departmentId\":\"126915\",\"type\":\"\"}","timestamp":"2022-02-20 20:51:17"}
{"level":"info","message":"POST: /subjects, : {\"sbj_num\":[]}","timestamp":"2022-02-20 20:53:01"}
{"level":"info","message":"GET: /subjects, QUERY: {\"departmentId\":\"126915\",\"type\":\"\"}","timestamp":"2022-02-20 20:53:05"}
{"level":"info","message":"POST: /subjects, : {\"sbj_num\":[]}","timestamp":"2022-02-20 20:56:36"}
{"level":"info","message":"GET: /subjects, QUERY: {\"departmentId\":\"126915\",\"type\":\"\"}","timestamp":"2022-02-20 20:56:42"}
{"level":"info","message":"GET: /subjects, QUERY: {\"departmentId\":\"127428\",\"type\":\"\"}","timestamp":"2022-02-20 20:57:26"}
{"level":"info","message":"GET: /subjects, QUERY: {\"departmentId\":\"127432\",\"type\":\"\"}","timestamp":"2022-02-20 20:58:26"}
{"level":"info","message":"POST: /subjects, : {\"sbj_num\":[]}","timestamp":"2022-02-20 20:59:26"}
{"level":"info","message":"GET: /subjects, QUERY: {\"departmentId\":\"126915\",\"type\":\"\"}","timestamp":"2022-02-20 20:59:31"}
{"level":"info","message":"GET: /subjects, QUERY: {\"departmentId\":\"121135\",\"type\":\"\"}","timestamp":"2022-02-20 20:59:34"}
{"level":"info","message":"GET: /subjects, QUERY: {\"departmentId\":\"126784\",\"type\":\"\"}","timestamp":"2022-02-20 20:59:43"}
{"level":"info","message":"POST: /subjects, : {\"sbj_num\":[]}","timestamp":"2022-02-20 21:00:24"}
{"level":"info","message":"GET: /subjects, QUERY: {\"departmentId\":\"126915\",\"type\":\"\"}","timestamp":"2022-02-20 21:00:28"}
{"level":"info","message":"GET: /subjects, QUERY: {\"departmentId\":\"126918\",\"type\":\"\"}","timestamp":"2022-02-20 21:00:32"}
{"level":"info","message":"POST: /subjects, : {\"sbj_num\":[]}","timestamp":"2022-02-20 21:00:36"}
{"level":"info","message":"GET: /subjects, QUERY: {\"departmentId\":\"126918\",\"type\":\"\"}","timestamp":"2022-02-20 21:00:52"}
{"level":"info","message":"POST: /subjects, : {\"sbj_num\":[]}","timestamp":"2022-02-20 21:01:31"}
{"level":"info","message":"GET: /subjects, QUERY: {\"departmentId\":\"126915\",\"type\":\"\"}","timestamp":"2022-02-20 21:01:36"}
{"level":"info","message":"GET: /subjects, QUERY: {\"departmentId\":\"126918\",\"type\":\"\"}","timestamp":"2022-02-20 21:01:49"}
{"level":"info","message":"GET: /subjects, QUERY: {\"departmentId\":\"105291\",\"type\":\"\"}","timestamp":"2022-02-20 21:02:06"}
{"level":"info","message":"POST: /subjects, : {\"sbj_num\":[]}","timestamp":"2022-02-20 21:02:38"}
{"level":"info","message":"GET: /subjects, QUERY: {\"departmentId\":\"105291\",\"type\":\"\"}","timestamp":"2022-02-20 21:02:44"}
{"level":"info","message":"POST: /subjects, : {\"sbj_num\":[]}","timestamp":"2022-02-20 21:03:42"}
{"level":"info","message":"GET: /subjects, QUERY: {\"departmentId\":\"126915\",\"type\":\"\"}","timestamp":"2022-02-20 21:03:47"}
{"level":"info","message":"GET: /subjects, QUERY: {\"departmentId\":\"105291\",\"type\":\"\"}","timestamp":"2022-02-20 21:03:50"}
{"level":"info","message":"POST: /subjects, : {\"sbj_num\":[]}","timestamp":"2022-02-20 21:04:59"}
{"level":"info","message":"GET: /subjects, QUERY: {\"departmentId\":\"105291\",\"type\":\"\"}","timestamp":"2022-02-20 21:05:05"}
{"level":"info","message":"POST: /subjects, : {\"sbj_num\":[]}","timestamp":"2022-02-20 21:05:26"}
{"level":"info","message":"GET: /subjects, QUERY: {\"departmentId\":\"105291\",\"type\":\"\"}","timestamp":"2022-02-20 21:05:32"}
{"level":"info","message":"GET: /subjects, QUERY: {\"departmentId\":\"127320\",\"type\":\"\"}","timestamp":"2022-02-20 21:05:40"}
{"level":"info","message":"POST: /subjects, : {\"sbj_num\":[]}","timestamp":"2022-02-20 21:06:22"}
{"level":"info","message":"GET: /subjects, QUERY: {\"departmentId\":\"105291\",\"type\":\"\"}","timestamp":"2022-02-20 21:06:28"}
{"level":"info","message":"POST: /subjects, : {\"sbj_num\":[]}","timestamp":"2022-02-20 21:06:35"}
{"level":"info","message":"POST: /subjects, : {\"sbj_num\":[]}","timestamp":"2022-02-20 21:06:42"}
{"level":"info","message":"GET: /subjects, QUERY: {\"departmentId\":\"126914\",\"type\":\"\"}","timestamp":"2022-02-20 21:06:48"}
{"level":"info","message":"POST: /subjects, : {\"sbj_num\":[]}","timestamp":"2022-02-20 21:09:28"}
{"level":"error","message":"FetchError: request to https://kuis.konkuk.ac.kr/index.do failed, reason: read ECONNRESET\n    at ClientRequest.<anonymous> (file:///C:/Users/82106/Desktop/konkuk-sugang-ec2/konkuk-sugang-ec2/node_modules/node-fetch/src/index.js:108:11)\n    at ClientRequest.emit (events.js:400:28)\n    at TLSSocket.socketErrorListener (_http_client.js:475:9)\n    at TLSSocket.emit (events.js:400:28)\n    at emitErrorNT (internal/streams/destroy.js:106:8)\n    at emitErrorCloseNT (internal/streams/destroy.js:74:3)\n    at processTicksAndRejections (internal/process/task_queues.js:82:21)","timestamp":"2022-02-20 21:09:28"}
{"level":"info","message":"GET: /subjects, QUERY: {\"departmentId\":\"105291\",\"type\":\"\"}","timestamp":"2022-02-20 21:09:36"}
{"level":"info","message":"POST: /subjects, : {\"sbj_num\":[]}","timestamp":"2022-02-20 21:10:43"}
{"level":"info","message":"GET: /subjects, QUERY: {\"departmentId\":\"126916\",\"type\":\"\"}","timestamp":"2022-02-20 21:10:48"}
{"level":"info","message":"GET: /subjects, QUERY: {\"departmentId\":\"105541\",\"type\":\"\"}","timestamp":"2022-02-20 21:10:53"}
{"level":"info","message":"GET: /subjects, QUERY: {\"departmentId\":\"127320\",\"type\":\"\"}","timestamp":"2022-02-20 21:10:59"}
{"level":"info","message":"GET: /subjects, QUERY: {\"departmentId\":\"126784\",\"type\":\"\"}","timestamp":"2022-02-20 21:11:12"}
{"level":"info","message":"POST: /subjects, : {\"sbj_num\":[]}","timestamp":"2022-02-20 21:13:16"}
{"level":"info","message":"POST: /subjects, : {\"sbj_num\":[]}","timestamp":"2022-02-20 21:13:28"}
{"level":"info","message":"POST: /subjects, : {\"sbj_num\":[]}","timestamp":"2022-02-20 21:13:52"}
{"level":"info","message":"GET: /subjects, QUERY: {\"departmentId\":\"126915\",\"type\":\"\"}","timestamp":"2022-02-20 21:13:58"}
{"level":"info","message":"POST: /subjects, : {\"sbj_num\":[\"0414\"]}","timestamp":"2022-02-20 21:14:00"}
{"level":"info","message":"GET: /subjects, QUERY: {\"departmentId\":\"\",\"type\":\"B04046\"}","timestamp":"2022-02-20 21:14:06"}
{"level":"info","message":"POST: /subjects, : {\"sbj_num\":[\"0414\",\"0707\"]}","timestamp":"2022-02-20 21:14:14"}
{"level":"info","message":"GET: /subjects, QUERY: {\"departmentId\":\"126915\",\"type\":\"\"}","timestamp":"2022-02-20 21:14:24"}
{"level":"info","message":"GET: /subjects, QUERY: {\"departmentId\":\"126915\",\"type\":\"\"}","timestamp":"2022-02-20 21:14:27"}
{"level":"info","message":"GET: /subjects, QUERY: {\"departmentId\":\"\",\"type\":\"B04046\"}","timestamp":"2022-02-20 21:14:33"}
{"level":"info","message":"GET: /subjects, QUERY: {\"departmentId\":\"\",\"type\":\"B04054\"}","timestamp":"2022-02-20 21:14:35"}
{"level":"info","message":"POST: /subjects, : {\"sbj_num\":[]}","timestamp":"2022-02-20 21:14:51"}
{"level":"info","message":"GET: /subjects, QUERY: {\"departmentId\":\"126917\",\"type\":\"\"}","timestamp":"2022-02-20 21:14:53"}
{"level":"info","message":"GET: /subjects, QUERY: {\"departmentId\":\"126918\",\"type\":\"\"}","timestamp":"2022-02-20 21:15:03"}
{"level":"info","message":"GET: /subjects, QUERY: {\"departmentId\":\"127428\",\"type\":\"\"}","timestamp":"2022-02-20 21:15:15"}
{"level":"info","message":"POST: /subjects, : {\"sbj_num\":[]}","timestamp":"2022-02-20 21:15:17"}
{"level":"info","message":"POST: /subjects, : {\"sbj_num\":[\"3179\",\"3184\",\"3186\",\"3193\",\"3198\"]}","timestamp":"2022-02-20 21:15:33"}
{"level":"info","message":"POST: /subjects, : {\"sbj_num\":[\"3175\"]}","timestamp":"2022-02-20 21:16:04"}
{"level":"info","message":"POST: /subjects, : {\"sbj_num\":[\"3179\",\"3184\",\"3186\",\"3193\",\"3198\"]}","timestamp":"2022-02-20 21:17:08"}
{"level":"info","message":"POST: /subjects, : {\"sbj_num\":[\"3179\",\"3184\",\"3186\",\"3193\",\"3198\"]}","timestamp":"2022-02-20 21:17:19"}
{"level":"info","message":"POST: /subjects, : {\"sbj_num\":[\"3179\",\"3184\",\"3186\",\"3193\",\"3198\"]}","timestamp":"2022-02-20 21:18:36"}
{"level":"info","message":"GET: /subjects, QUERY: {\"departmentId\":\"126916\",\"type\":\"\"}","timestamp":"2022-02-20 21:18:47"}
{"level":"info","message":"POST: /subjects, : {\"sbj_num\":[\"0265\",\"0267\",\"0268\"]}","timestamp":"2022-02-20 21:18:50"}
{"level":"info","message":"POST: /subjects, : {\"sbj_num\":[\"0265\",\"0267\",\"0268\"]}","timestamp":"2022-02-20 21:18:58"}
{"level":"info","message":"POST: /subjects, : {\"sbj_num\":[\"0265\",\"0267\",\"0268\"]}","timestamp":"2022-02-20 21:19:32"}
{"level":"info","message":"GET: /subjects, QUERY: {\"departmentId\":\"126916\",\"type\":\"\"}","timestamp":"2022-02-20 21:19:39"}
{"level":"info","message":"GET: /subjects, QUERY: {\"departmentId\":\"\",\"type\":\"B04046\"}","timestamp":"2022-02-20 21:19:45"}
{"level":"info","message":"POST: /subjects, : {\"sbj_num\":[\"0265\",\"0267\",\"0268\",\"0395\",\"0613\",\"0703\",\"0704\"]}","timestamp":"2022-02-20 21:19:50"}
{"level":"info","message":"POST: /subjects, : {\"sbj_num\":[\"0265\",\"0267\",\"0268\",\"0395\",\"0613\",\"0703\",\"0704\"]}","timestamp":"2022-02-20 21:19:52"}
{"level":"info","message":"POST: /subjects, : {\"sbj_num\":[\"0265\",\"0267\",\"0268\",\"0395\",\"0613\",\"0703\",\"0704\"]}","timestamp":"2022-02-20 21:19:59"}
