{"level":"info","message":"GET: /subjects, QUERY: {\"departmentId\":\"126915\",\"type\":\"\"}","timestamp":"2022-02-15 20:03:58"}
{"level":"info","message":"GET: /subjects, QUERY: {\"departmentId\":\"126918\",\"type\":\"\"}","timestamp":"2022-02-15 20:04:21"}
{"level":"info","message":"POST: /subjects, : {\"sbj_num\":[\"0262\",\"0438\"]}","timestamp":"2022-02-15 20:07:19"}
{"level":"info","message":"POST: /subjects, : {\"sbj_num\":[\"0262\",\"0438\"]}","timestamp":"2022-02-15 20:07:30"}
{"level":"info","message":"POST: /subjects, : {\"sbj_num\":[\"0262\",\"0438\"]}","timestamp":"2022-02-15 20:07:32"}
{"level":"info","message":"POST: /subjects, : {\"sbj_num\":[\"0262\",\"0438\"]}","timestamp":"2022-02-15 20:12:28"}
{"level":"info","message":"POST: /subjects, : {\"sbj_num\":[\"0262\",\"0438\"]}","timestamp":"2022-02-15 20:12:29"}
{"level":"info","message":"POST: /subjects, : {\"sbj_num\":[\"0262\",\"0438\"]}","timestamp":"2022-02-15 20:12:31"}
{"level":"info","message":"POST: /subjects, : {\"sbj_num\":[\"0262\",\"0438\"]}","timestamp":"2022-02-15 20:12:34"}
{"level":"info","message":"POST: /subjects, : {\"sbj_num\":[\"0262\",\"0438\"]}","timestamp":"2022-02-15 20:12:34"}
{"level":"info","message":"POST: /subjects, : {\"sbj_num\":[\"0262\",\"0438\"]}","timestamp":"2022-02-15 20:12:35"}
{"level":"info","message":"POST: /subjects, : {\"sbj_num\":[\"0262\",\"0438\"]}","timestamp":"2022-02-15 20:12:35"}
{"level":"info","message":"POST: /subjects, : {\"sbj_num\":[\"0262\",\"0438\"]}","timestamp":"2022-02-15 20:12:36"}
{"level":"info","message":"POST: /subjects, : {\"sbj_num\":[\"0262\",\"0438\"]}","timestamp":"2022-02-15 20:12:36"}
{"level":"info","message":"GET: /subjects, QUERY: {\"departmentId\":\"127114\",\"type\":\"\"}","timestamp":"2022-02-15 20:14:08"}
{"level":"info","message":"POST: /subjects, : {\"sbj_num\":[\"0001\",\"0002\",\"0438\",\"3181\",\"3182\",\"3203\",\"3204\",\"3208\",\"3209\",\"3220\",\"3221\"]}","timestamp":"2022-02-15 20:14:30"}
{"level":"info","message":"GET: /subjects, QUERY: {\"departmentId\":\"127432\",\"type\":\"\"}","timestamp":"2022-02-15 20:24:36"}
{"level":"info","message":"GET: /subjects, QUERY: {\"departmentId\":\"127118\",\"type\":\"\"}","timestamp":"2022-02-15 20:24:40"}
{"level":"info","message":"GET: /subjects, QUERY: {\"departmentId\":\"127428\",\"type\":\"\"}","timestamp":"2022-02-15 20:24:50"}
{"level":"info","message":"POST: /subjects, : {\"sbj_num\":[\"3181\",\"3182\",\"3203\",\"3204\",\"3208\",\"3209\",\"3220\",\"3221\"]}","timestamp":"2022-02-15 20:24:52"}
{"level":"info","message":"POST: /subjects, : {\"sbj_num\":[\"0465\",\"3180\",\"3188\",\"3198\",\"3209\"]}","timestamp":"2022-02-15 20:24:58"}
{"level":"info","message":"POST: /subjects, : {\"sbj_num\":[\"0465\",\"3180\",\"3188\",\"3198\",\"3209\"]}","timestamp":"2022-02-15 20:25:04"}
{"level":"info","message":"POST: /subjects, : {\"sbj_num\":[\"0465\",\"3180\",\"3188\",\"3198\",\"3209\"]}","timestamp":"2022-02-15 20:25:05"}
